==34827== Memcheck, a memory error detector
==34827== Copyright (C) 2002-2017, and GNU GPL'd, by Julian Seward et al.
==34827== Using Valgrind-3.18.1 and LibVEX; rerun with -h for copyright info
==34827== Command: ./cmake-build-debug/RaceProject
==34827== 
OK
OK
OK
OK
OK
OK
OK
OK
OK
OK
OK
OK
OK
OK
OK
OK
OK
OK
OK
OK
OK
CHECKPOINT
OK
OK
OK
OK
OK
OK
OK
OK
OK
OK
OK
OK
OK
OK
OK
OK
OK
OK
CHECKPOINT
OK
OK
OK
OK
OK
OK
OK
CHECKPOINT
OK
OK
OK
OK
OK
OK
OK
OK
OK
OK
OK
OK
OK
CHECKPOINT
OK
OK
OK
OK
OK
OK
OK
OK
OK
CHECKPOINT
OK
OK
OK
OK
OK
OK
OK
OK
OK
OK
OK
OK
CHECKPOINT
OK
OK
OK
OK
OK
OK
OK
OK
OK
OK
OK
OK
OK
OK
OK
OK
OK
OK
OK
OK
OK
OK
OK
OK
OK
OK
CHECKPOINT
OK
OK
OK
OK
OK
OK
OK
OK
OK
OK
OK
OK
OK
OK
OK
OK
CHECKPOINT
OK
OK
OK
OK
OK
OK
OK
OK
OK
OK
OK
OK
OK
OK
OK
OK
OK
OK
OK
OK
OK
OK
OK
OK
OK
OK
OK
OK
CHECKPOINT
OK
OK
OK
OK
OK
OK
OK
OK
OK
OK
OK
OK
OK
OK
OK
OK
OK
OK
OK
OK
OK
OK
OK
CHECKPOINT
OK
OK
OK
OK
OK
OK
CHECKPOINT
OK
OK
OK
OK
OK
OK
OK
OK
OK
OK
OK
CHECKPOINT
OK
OK
OK
OK
OK
OK
OK
OK
OK
OK
OK
OK
OK
OK
OK
OK
OK
OK
OK
OK
CHECKPOINT
OK
OK
OK
OK
OK
OK
OK
OK
OK
OK
OK
CHECKPOINT
OK
OK
OK
OK
OK
OK
OK
OK
OK
OK
OK
OK
OK
OK
OK
OK
OK
OK
OK
OK
OK
OK
CHECKPOINT
OK
OK
OK
OK
OK
OK
OK
OK
OK
OK
OK
OK
OK
OK
OK
OK
OK
OK
OK
OK
OK
OK
CHECKPOINT
OK
OK
OK
OK
OK
OK
OK
OK
OK
OK
OK
OK
CHECKPOINT
OK
OK
OK
OK
OK
OK
OK
OK
OK
OK
OK
OK
OK
OK
OK
OK
OK
OK
OK
OK
OK
OK
OK
OK
OK
OK
OK
OK
CHECKPOINT
OK
OK
OK
OK
OK
OK
OK
OK
OK
OK
OK
OK
OK
OK
OK
OK
OK
OK
OK
OK
OK
FINISHED==34827== 
==34827== HEAP SUMMARY:
==34827==     in use at exit: 0 bytes in 0 blocks
==34827==   total heap usage: 63 allocs, 63 frees, 43,964 bytes allocated
==34827== 
==34827== All heap blocks were freed -- no leaks are possible
==34827== 
==34827== ERROR SUMMARY: 0 errors from 0 contexts (suppressed: 0 from 0)
